app/build/intermediates/manifest_merge_blame_file/debug/manifest-merger-blame-debug-report.txt
1<?xml version="1.0" encoding="utf-8"?>
2<manifest xmlns:android="http://schemas.android.com/apk/res/android"
3    package="com.example.sparkymr"
4    android:versionCode="1"
5    android:versionName="1.0" >
6
7    <uses-sdk
8        android:minSdkVersion="29"
9        android:targetSdkVersion="34" />
10
11    <!-- Permissions required for Spatial VR and Assistant -->
12    <uses-permission android:name="android.permission.INTERNET" />
12-->src\main\AndroidManifest.xml:6:5-67
12-->src\main\AndroidManifest.xml:6:22-64
13    <uses-permission android:name="android.permission.RECORD_AUDIO" />
13-->src\main\AndroidManifest.xml:7:5-71
13-->src\main\AndroidManifest.xml:7:22-68
14
15    <!-- Camera permission is experimental for MR, requested to explore Vision later -->
16    <uses-permission android:name="android.permission.CAMERA" />
16-->src\main\AndroidManifest.xml:10:5-65
16-->src\main\AndroidManifest.xml:10:22-62
17
18    <!-- Meta Quest specific features -->
19    <uses-feature
19-->src\main\AndroidManifest.xml:13:5-113
20        android:name="android.hardware.vr.headtracking"
20-->src\main\AndroidManifest.xml:13:19-66
21        android:required="true"
21-->src\main\AndroidManifest.xml:13:67-90
22        android:version="1" />
22-->src\main\AndroidManifest.xml:13:91-110
23    <uses-feature
23-->src\main\AndroidManifest.xml:14:5-90
24        android:name="oculus.software.handtracking"
24-->src\main\AndroidManifest.xml:14:19-62
25        android:required="false" />
25-->src\main\AndroidManifest.xml:14:63-87
26
27    <uses-permission android:name="com.oculus.permission.HAND_TRACKING" />
27-->src\main\AndroidManifest.xml:15:5-75
27-->src\main\AndroidManifest.xml:15:22-72
28
29    <permission
29-->[androidx.core:core:1.12.0] AndroidManifest.xml:22:5-24:47
30        android:name="com.example.sparkymr.DYNAMIC_RECEIVER_NOT_EXPORTED_PERMISSION"
30-->[androidx.core:core:1.12.0] AndroidManifest.xml:23:9-81
31        android:protectionLevel="signature" />
31-->[androidx.core:core:1.12.0] AndroidManifest.xml:24:9-44
32
33    <uses-permission android:name="com.example.sparkymr.DYNAMIC_RECEIVER_NOT_EXPORTED_PERMISSION" />
33-->[androidx.core:core:1.12.0] AndroidManifest.xml:26:5-97
33-->[androidx.core:core:1.12.0] AndroidManifest.xml:26:22-94
34
35    <application
35-->src\main\AndroidManifest.xml:17:5-49:19
36        android:allowBackup="true"
36-->src\main\AndroidManifest.xml:18:9-35
37        android:appComponentFactory="androidx.core.app.CoreComponentFactory"
37-->[androidx.core:core:1.12.0] AndroidManifest.xml:28:18-86
38        android:dataExtractionRules="@xml/data_extraction_rules"
38-->src\main\AndroidManifest.xml:19:9-65
39        android:debuggable="true"
40        android:extractNativeLibs="false"
41        android:fullBackupContent="@xml/backup_rules"
41-->src\main\AndroidManifest.xml:20:9-54
42        android:label="@string/app_name"
42-->src\main\AndroidManifest.xml:21:9-41
43        android:supportsRtl="true"
43-->src\main\AndroidManifest.xml:22:9-35
44        android:testOnly="true"
45        android:theme="@style/Theme.SparkyMR" >
45-->src\main\AndroidManifest.xml:23:9-46
46        <meta-data
46-->src\main\AndroidManifest.xml:26:9-100
47            android:name="com.samsung.android.vr.application.mode"
47-->src\main\AndroidManifest.xml:26:20-74
48            android:value="vr_only" />
48-->src\main\AndroidManifest.xml:26:75-98
49
50        <activity
50-->src\main\AndroidManifest.xml:28:9-48:20
51            android:name="com.example.sparkymr.MainActivity"
51-->src\main\AndroidManifest.xml:29:13-41
52            android:configChanges="density|keyboard|keyboardHidden|navigation|orientation|screenLayout|screenSize|uiMode"
52-->src\main\AndroidManifest.xml:33:13-122
53            android:exported="true"
53-->src\main\AndroidManifest.xml:30:13-36
54            android:screenOrientation="landscape"
54-->src\main\AndroidManifest.xml:32:13-50
55            android:theme="@style/Theme.SparkyMR" >
55-->src\main\AndroidManifest.xml:31:13-50
56            <intent-filter>
56-->src\main\AndroidManifest.xml:35:13-39:29
57                <action android:name="android.intent.action.MAIN" />
57-->src\main\AndroidManifest.xml:36:17-69
57-->src\main\AndroidManifest.xml:36:25-66
58
59                <category android:name="android.intent.category.LAUNCHER" />
59-->src\main\AndroidManifest.xml:37:17-77
59-->src\main\AndroidManifest.xml:37:27-74
60                <category android:name="com.oculus.intent.category.VR" />
60-->src\main\AndroidManifest.xml:38:17-74
60-->src\main\AndroidManifest.xml:38:27-71
61            </intent-filter>
62
63            <!-- Indicates this app is an Immersive Spatial App -->
64            <meta-data
64-->src\main\AndroidManifest.xml:42:13-83
65                android:name="com.oculus.vr.mode"
65-->src\main\AndroidManifest.xml:42:24-57
66                android:value="vr_only" />
66-->src\main\AndroidManifest.xml:42:58-81
67            <meta-data
67-->src\main\AndroidManifest.xml:43:13-107
68                android:name="com.oculus.supportedDevices"
68-->src\main\AndroidManifest.xml:43:24-66
69                android:value="quest2|questpro|quest3" />
69-->src\main\AndroidManifest.xml:43:67-105
70            <meta-data
70-->src\main\AndroidManifest.xml:44:13-95
71                android:name="com.oculus.handtracking.frequency"
71-->src\main\AndroidManifest.xml:44:24-72
72                android:value="HIGH" />
72-->src\main\AndroidManifest.xml:44:73-93
73            <meta-data
73-->src\main\AndroidManifest.xml:45:13-93
74                android:name="com.oculus.handtracking.version"
74-->src\main\AndroidManifest.xml:45:24-70
75                android:value="V2.0" />
75-->src\main\AndroidManifest.xml:45:71-91
76            <meta-data
76-->src\main\AndroidManifest.xml:46:13-106
77                android:name="com.oculus.telemetry.project_guid"
77-->src\main\AndroidManifest.xml:46:24-72
78                android:value="sparkymr-meta-1" />
78-->src\main\AndroidManifest.xml:46:73-104
79        </activity>
80
81        <provider
81-->[androidx.emoji2:emoji2:1.2.0] AndroidManifest.xml:24:9-32:20
82            android:name="androidx.startup.InitializationProvider"
82-->[androidx.emoji2:emoji2:1.2.0] AndroidManifest.xml:25:13-67
83            android:authorities="com.example.sparkymr.androidx-startup"
83-->[androidx.emoji2:emoji2:1.2.0] AndroidManifest.xml:26:13-68
84            android:exported="false" >
84-->[androidx.emoji2:emoji2:1.2.0] AndroidManifest.xml:27:13-37
85            <meta-data
85-->[androidx.emoji2:emoji2:1.2.0] AndroidManifest.xml:29:13-31:52
86                android:name="androidx.emoji2.text.EmojiCompatInitializer"
86-->[androidx.emoji2:emoji2:1.2.0] AndroidManifest.xml:30:17-75
87                android:value="androidx.startup" />
87-->[androidx.emoji2:emoji2:1.2.0] AndroidManifest.xml:31:17-49
88            <meta-data
88-->[androidx.lifecycle:lifecycle-process:2.6.1] AndroidManifest.xml:29:13-31:52
89                android:name="androidx.lifecycle.ProcessLifecycleInitializer"
89-->[androidx.lifecycle:lifecycle-process:2.6.1] AndroidManifest.xml:30:17-78
90                android:value="androidx.startup" />
90-->[androidx.lifecycle:lifecycle-process:2.6.1] AndroidManifest.xml:31:17-49
91            <meta-data
91-->[androidx.profileinstaller:profileinstaller:1.3.0] AndroidManifest.xml:29:13-31:52
92                android:name="androidx.profileinstaller.ProfileInstallerInitializer"
92-->[androidx.profileinstaller:profileinstaller:1.3.0] AndroidManifest.xml:30:17-85
93                android:value="androidx.startup" />
93-->[androidx.profileinstaller:profileinstaller:1.3.0] AndroidManifest.xml:31:17-49
94        </provider>
95
96        <receiver
96-->[androidx.profileinstaller:profileinstaller:1.3.0] AndroidManifest.xml:34:9-52:20
97            android:name="androidx.profileinstaller.ProfileInstallReceiver"
97-->[androidx.profileinstaller:profileinstaller:1.3.0] AndroidManifest.xml:35:13-76
98            android:directBootAware="false"
98-->[androidx.profileinstaller:profileinstaller:1.3.0] AndroidManifest.xml:36:13-44
99            android:enabled="true"
99-->[androidx.profileinstaller:profileinstaller:1.3.0] AndroidManifest.xml:37:13-35
100            android:exported="true"
100-->[androidx.profileinstaller:profileinstaller:1.3.0] AndroidManifest.xml:38:13-36
101            android:permission="android.permission.DUMP" >
101-->[androidx.profileinstaller:profileinstaller:1.3.0] AndroidManifest.xml:39:13-57
102            <intent-filter>
102-->[androidx.profileinstaller:profileinstaller:1.3.0] AndroidManifest.xml:40:13-42:29
103                <action android:name="androidx.profileinstaller.action.INSTALL_PROFILE" />
103-->[androidx.profileinstaller:profileinstaller:1.3.0] AndroidManifest.xml:41:17-91
103-->[androidx.profileinstaller:profileinstaller:1.3.0] AndroidManifest.xml:41:25-88
104            </intent-filter>
105            <intent-filter>
105-->[androidx.profileinstaller:profileinstaller:1.3.0] AndroidManifest.xml:43:13-45:29
106                <action android:name="androidx.profileinstaller.action.SKIP_FILE" />
106-->[androidx.profileinstaller:profileinstaller:1.3.0] AndroidManifest.xml:44:17-85
106-->[androidx.profileinstaller:profileinstaller:1.3.0] AndroidManifest.xml:44:25-82
107            </intent-filter>
108            <intent-filter>
108-->[androidx.profileinstaller:profileinstaller:1.3.0] AndroidManifest.xml:46:13-48:29
109                <action android:name="androidx.profileinstaller.action.SAVE_PROFILE" />
109-->[androidx.profileinstaller:profileinstaller:1.3.0] AndroidManifest.xml:47:17-88
109-->[androidx.profileinstaller:profileinstaller:1.3.0] AndroidManifest.xml:47:25-85
110            </intent-filter>
111            <intent-filter>
111-->[androidx.profileinstaller:profileinstaller:1.3.0] AndroidManifest.xml:49:13-51:29
112                <action android:name="androidx.profileinstaller.action.BENCHMARK_OPERATION" />
112-->[androidx.profileinstaller:profileinstaller:1.3.0] AndroidManifest.xml:50:17-95
112-->[androidx.profileinstaller:profileinstaller:1.3.0] AndroidManifest.xml:50:25-92
113            </intent-filter>
114        </receiver>
115    </application>
116
117</manifest>